<?xml version="1.0" encoding="UTF-8"?>
<testsuite name="AddressBookTesting" tests="1" skipped="0" failures="0" errors="0" timestamp="2019-12-05T09:39:10" hostname="admin105-desktop" time="0.002">
  <properties/>
  <testcase name="WhenAddPersonDetails_ShouldReturnPersonDetails" classname="AddressBookTesting" time="0.002"/>
  <system-out><![CDATA[]]></system-out>
  <system-err><![CDATA[]]></system-err>
</testsuite>
